

Started GET "/" for 127.0.0.1 at 2015-07-11 17:25:30 -0700
Processing by Rails::WelcomeController#index as HTML
  Rendered /home/pirolf/.rvm/gems/ruby-2.1.4/gems/railties-4.2.3/lib/rails/templates/rails/welcome/index.html.erb (3.3ms)
Completed 200 OK in 35ms (Views: 16.4ms | ActiveRecord: 0.0ms)


Started GET "/" for 127.0.0.1 at 2015-07-11 17:46:37 -0700
Processing by ApplicationController#hello as HTML
  Rendered text template (0.0ms)
Completed 200 OK in 17ms (Views: 9.6ms | ActiveRecord: 0.0ms)


Started GET "/" for 127.0.0.1 at 2015-07-11 22:21:40 -0700
Processing by ApplicationController#hello as HTML
  Rendered text template (0.0ms)
Completed 200 OK in 20ms (Views: 8.8ms | ActiveRecord: 0.0ms)


Started GET "/" for 127.0.0.1 at 2015-07-11 22:59:38 -0700
Processing by ApplicationController#goodbye as HTML
  Rendered text template (0.0ms)
Completed 200 OK in 21ms (Views: 9.9ms | ActiveRecord: 0.0ms)
  [1m[36m (49.0ms)[0m  [1mCREATE TABLE "schema_migrations" ("version" varchar NOT NULL) [0m
  [1m[35m (0.3ms)[0m  select sqlite_version(*)
  [1m[36m (41.3ms)[0m  [1mCREATE UNIQUE INDEX "unique_schema_migrations" ON "schema_migrations" ("version")[0m
  [1m[35mActiveRecord::SchemaMigration Load (0.2ms)[0m  SELECT "schema_migrations".* FROM "schema_migrations"
Migrating to CreateUsers (20150712060407)
  [1m[36m (0.1ms)[0m  [1mbegin transaction[0m
  [1m[35m (0.7ms)[0m  CREATE TABLE "users" ("id" INTEGER PRIMARY KEY AUTOINCREMENT NOT NULL, "name" varchar, "email" varchar, "created_at" datetime NOT NULL, "updated_at" datetime NOT NULL) 
  [1m[36mSQL (0.6ms)[0m  [1mINSERT INTO "schema_migrations" ("version") VALUES (?)[0m  [["version", "20150712060407"]]
  [1m[35m (49.7ms)[0m  commit transaction
  [1m[36mActiveRecord::SchemaMigration Load (0.4ms)[0m  [1mSELECT "schema_migrations".* FROM "schema_migrations"[0m


Started GET "/users" for 127.0.0.1 at 2015-07-12 13:23:33 -0700
  [1m[36mActiveRecord::SchemaMigration Load (0.1ms)[0m  [1mSELECT "schema_migrations".* FROM "schema_migrations"[0m
Processing by UsersController#index as HTML
  [1m[35mUser Load (0.2ms)[0m  SELECT "users".* FROM "users"
  Rendered users/index.html.erb within layouts/application (4.0ms)
Completed 200 OK in 1308ms (Views: 1293.8ms | ActiveRecord: 0.3ms)


Started GET "/assets/users.self-e3b0c44298fc1c149afbf4c8996fb92427ae41e4649b934ca495991b7852b855.css?body=1" for 127.0.0.1 at 2015-07-12 13:23:35 -0700


Started GET "/assets/scaffolds.self-5bab1a04efe2ebba14b7bdd7e9bc363ed9ef3e6a96b2e8e4e628d986fe959627.css?body=1" for 127.0.0.1 at 2015-07-12 13:23:35 -0700


Started GET "/assets/application.self-e80e8f2318043e8af94dddc2adad5a4f09739a8ebb323b3ab31cd71d45fd9113.css?body=1" for 127.0.0.1 at 2015-07-12 13:23:35 -0700


Started GET "/assets/users.self-877aef30ae1b040ab8a3aba4e3e309a11d7f2612f44dde450b5c157aa5f95c05.js?body=1" for 127.0.0.1 at 2015-07-12 13:23:35 -0700


Started GET "/assets/jquery.self-d03a5518f45df77341bdbe6201ba3bfa547ebba8ed64f0ea56bfa5f96ea7c074.js?body=1" for 127.0.0.1 at 2015-07-12 13:23:35 -0700


Started GET "/assets/jquery_ujs.self-ca5248a2fad13d6bd58ea121318d642f195f0b2dd818b30615f785ff365e8d1f.js?body=1" for 127.0.0.1 at 2015-07-12 13:23:35 -0700


Started GET "/assets/turbolinks.self-c37727e9bd6b2735da5c311aa83fead54ed0be6cc8bd9a65309e9c5abe2cbfff.js?body=1" for 127.0.0.1 at 2015-07-12 13:23:35 -0700


Started GET "/assets/application.self-3b8dabdc891efe46b9a144b400ad69e37d7e5876bdc39dee783419a69d7ca819.js?body=1" for 127.0.0.1 at 2015-07-12 13:23:35 -0700


Started GET "/users/new" for 127.0.0.1 at 2015-07-12 13:23:40 -0700
Processing by UsersController#new as HTML
  Rendered users/_form.html.erb (23.9ms)
  Rendered users/new.html.erb within layouts/application (31.3ms)
Completed 200 OK in 68ms (Views: 62.9ms | ActiveRecord: 0.3ms)


Started GET "/users/new" for 127.0.0.1 at 2015-07-12 13:25:35 -0700
Processing by UsersController#new as HTML
  Rendered users/_form.html.erb (3.2ms)
  Rendered users/new.html.erb within layouts/application (5.0ms)
Completed 200 OK in 39ms (Views: 37.4ms | ActiveRecord: 0.0ms)


Started POST "/users" for 127.0.0.1 at 2015-07-12 13:25:51 -0700
Processing by UsersController#create as HTML
  Parameters: {"utf8"=>"✓", "authenticity_token"=>"3LEDWvPPRMKUCAY0zLWc3BIueJX+qa9JShvFF4KWt+RQ9FJuUh24dH3pmK5H2WQKOCYkXjbJ2RWo/9yTCMSpbg==", "user"=>{"name"=>"user0", "email"=>"hlahs@asd.com"}, "commit"=>"Create User"}
  [1m[36m (0.1ms)[0m  [1mbegin transaction[0m
  [1m[35mSQL (3.1ms)[0m  INSERT INTO "users" ("name", "email", "created_at", "updated_at") VALUES (?, ?, ?, ?)  [["name", "user0"], ["email", "hlahs@asd.com"], ["created_at", "2015-07-12 20:25:51.660999"], ["updated_at", "2015-07-12 20:25:51.660999"]]
  [1m[36m (36.9ms)[0m  [1mcommit transaction[0m
Redirected to http://localhost:3000/users/1
Completed 302 Found in 54ms (ActiveRecord: 40.1ms)


Started GET "/users/1" for 127.0.0.1 at 2015-07-12 13:25:51 -0700
Processing by UsersController#show as HTML
  Parameters: {"id"=>"1"}
  [1m[35mUser Load (0.4ms)[0m  SELECT  "users".* FROM "users" WHERE "users"."id" = ? LIMIT 1  [["id", 1]]
  Rendered users/show.html.erb within layouts/application (1.7ms)
Completed 200 OK in 45ms (Views: 34.9ms | ActiveRecord: 0.4ms)


Started GET "/users" for 127.0.0.1 at 2015-07-12 13:26:34 -0700
Processing by UsersController#index as HTML
  [1m[36mUser Load (0.3ms)[0m  [1mSELECT "users".* FROM "users"[0m
  Rendered users/index.html.erb within layouts/application (3.3ms)
Completed 200 OK in 37ms (Views: 35.7ms | ActiveRecord: 0.3ms)
  [1m[36mActiveRecord::SchemaMigration Load (0.1ms)[0m  [1mSELECT "schema_migrations".* FROM "schema_migrations"[0m
Migrating to CreateMicroposts (20150712204145)
  [1m[35m (0.1ms)[0m  begin transaction
  [1m[36m (0.6ms)[0m  [1mCREATE TABLE "microposts" ("id" INTEGER PRIMARY KEY AUTOINCREMENT NOT NULL, "context" text, "user_id" integer, "created_at" datetime NOT NULL, "updated_at" datetime NOT NULL) [0m
  [1m[35mSQL (0.4ms)[0m  INSERT INTO "schema_migrations" ("version") VALUES (?)  [["version", "20150712204145"]]
  [1m[36m (33.3ms)[0m  [1mcommit transaction[0m
  [1m[35mActiveRecord::SchemaMigration Load (0.1ms)[0m  SELECT "schema_migrations".* FROM "schema_migrations"


Started GET "/microposts" for 127.0.0.1 at 2015-07-12 14:05:19 -0700
  [1m[36mActiveRecord::SchemaMigration Load (0.1ms)[0m  [1mSELECT "schema_migrations".* FROM "schema_migrations"[0m
Processing by MicropostsController#index as HTML
  [1m[35mMicropost Load (0.2ms)[0m  SELECT "microposts".* FROM "microposts"
  Rendered microposts/index.html.erb within layouts/application (3.7ms)
Completed 200 OK in 445ms (Views: 426.3ms | ActiveRecord: 0.3ms)


Started GET "/assets/microposts.self-e3b0c44298fc1c149afbf4c8996fb92427ae41e4649b934ca495991b7852b855.css?body=1" for 127.0.0.1 at 2015-07-12 14:05:20 -0700


Started GET "/assets/microposts.self-877aef30ae1b040ab8a3aba4e3e309a11d7f2612f44dde450b5c157aa5f95c05.js?body=1" for 127.0.0.1 at 2015-07-12 14:05:20 -0700


Started GET "/microposts/new" for 127.0.0.1 at 2015-07-12 14:05:21 -0700
Processing by MicropostsController#new as HTML
  Rendered microposts/_form.html.erb (27.7ms)
  Rendered microposts/new.html.erb within layouts/application (38.0ms)
Completed 200 OK in 80ms (Views: 74.8ms | ActiveRecord: 0.3ms)


Started POST "/microposts" for 127.0.0.1 at 2015-07-12 14:05:38 -0700
Processing by MicropostsController#create as HTML
  Parameters: {"utf8"=>"✓", "authenticity_token"=>"Ao/2ajuy4JZcxWIkRfJu8zpUXIPP1GfHJDgvebhtNj6OyqdemmAcILUk/L7OnpYlEFwASAe0EZvG3Db9Mj8otA==", "micropost"=>{"context"=>"hello", "user_id"=>"0"}, "commit"=>"Create Micropost"}
  [1m[36m (0.1ms)[0m  [1mbegin transaction[0m
  [1m[35mSQL (0.7ms)[0m  INSERT INTO "microposts" ("context", "user_id", "created_at", "updated_at") VALUES (?, ?, ?, ?)  [["context", "hello"], ["user_id", 0], ["created_at", "2015-07-12 21:05:38.075902"], ["updated_at", "2015-07-12 21:05:38.075902"]]
  [1m[36m (37.6ms)[0m  [1mcommit transaction[0m
Redirected to http://localhost:3000/microposts/1
Completed 302 Found in 46ms (ActiveRecord: 38.4ms)


Started GET "/microposts/1" for 127.0.0.1 at 2015-07-12 14:05:38 -0700
Processing by MicropostsController#show as HTML
  Parameters: {"id"=>"1"}
  [1m[35mMicropost Load (0.2ms)[0m  SELECT  "microposts".* FROM "microposts" WHERE "microposts"."id" = ? LIMIT 1  [["id", 1]]
  Rendered microposts/show.html.erb within layouts/application (1.0ms)
Completed 200 OK in 47ms (Views: 38.7ms | ActiveRecord: 0.2ms)


Started GET "/microposts" for 127.0.0.1 at 2015-07-12 14:05:42 -0700
Processing by MicropostsController#index as HTML
  [1m[36mMicropost Load (0.2ms)[0m  [1mSELECT "microposts".* FROM "microposts"[0m
  Rendered microposts/index.html.erb within layouts/application (2.0ms)
Completed 200 OK in 39ms (Views: 38.3ms | ActiveRecord: 0.2ms)


Started GET "/microposts/new" for 127.0.0.1 at 2015-07-12 14:06:00 -0700
Processing by MicropostsController#new as HTML
  Rendered microposts/_form.html.erb (1.9ms)
  Rendered microposts/new.html.erb within layouts/application (2.8ms)
Completed 200 OK in 41ms (Views: 40.4ms | ActiveRecord: 0.0ms)


Started POST "/microposts" for 127.0.0.1 at 2015-07-12 14:06:05 -0700
Processing by MicropostsController#create as HTML
  Parameters: {"utf8"=>"✓", "authenticity_token"=>"JHzgzuOP2urqkFvBKYAzWBOzXasf1pgiUk2DCj9PxySoObH6Ql0mXANxxVui7MuOObsBYNe27n6wqZqOtR3Zrg==", "micropost"=>{"context"=>"hello nyo", "user_id"=>"1"}, "commit"=>"Create Micropost"}
  [1m[35m (0.1ms)[0m  begin transaction
  [1m[36mSQL (1.8ms)[0m  [1mINSERT INTO "microposts" ("context", "user_id", "created_at", "updated_at") VALUES (?, ?, ?, ?)[0m  [["context", "hello nyo"], ["user_id", 1], ["created_at", "2015-07-12 21:06:05.741746"], ["updated_at", "2015-07-12 21:06:05.741746"]]
  [1m[35m (33.5ms)[0m  commit transaction
Redirected to http://localhost:3000/microposts/2
Completed 302 Found in 40ms (ActiveRecord: 35.4ms)


Started GET "/microposts/2" for 127.0.0.1 at 2015-07-12 14:06:05 -0700
Processing by MicropostsController#show as HTML
  Parameters: {"id"=>"2"}
  [1m[36mMicropost Load (0.1ms)[0m  [1mSELECT  "microposts".* FROM "microposts" WHERE "microposts"."id" = ? LIMIT 1[0m  [["id", 2]]
  Rendered microposts/show.html.erb within layouts/application (0.5ms)
Completed 200 OK in 81ms (Views: 79.6ms | ActiveRecord: 0.1ms)


Started GET "/microposts" for 127.0.0.1 at 2015-07-12 14:06:07 -0700
Processing by MicropostsController#index as HTML
  [1m[35mMicropost Load (0.4ms)[0m  SELECT "microposts".* FROM "microposts"
  Rendered microposts/index.html.erb within layouts/application (2.7ms)
Completed 200 OK in 42ms (Views: 40.3ms | ActiveRecord: 0.4ms)
  [1m[36mUser Load (0.1ms)[0m  [1mSELECT  "users".* FROM "users"  ORDER BY "users"."id" ASC LIMIT 1[0m
  [1m[35mMicropost Load (0.2ms)[0m  SELECT "microposts".* FROM "microposts" WHERE "microposts"."user_id" = ?  [["user_id", 1]]


Started GET "/static_pages/about" for 127.0.0.1 at 2015-07-15 23:12:52 -0700
Processing by StaticPagesController#about as HTML
  Rendered static_pages/about.html.erb within layouts/application (2.3ms)
Completed 200 OK in 581ms (Views: 548.8ms | ActiveRecord: 0.0ms)


Started GET "/assets/scaffolds.self-165292c1e793dc9090a27c9736e8787703693bfae8229bff3fcee0e32a1d8934.css?body=1" for 127.0.0.1 at 2015-07-15 23:12:53 -0700


Started GET "/assets/static_pages.self-e3b0c44298fc1c149afbf4c8996fb92427ae41e4649b934ca495991b7852b855.css?body=1" for 127.0.0.1 at 2015-07-15 23:12:53 -0700


Started GET "/assets/application.self-e80e8f2318043e8af94dddc2adad5a4f09739a8ebb323b3ab31cd71d45fd9113.css?body=1" for 127.0.0.1 at 2015-07-15 23:12:53 -0700


Started GET "/assets/jquery.self-d03a5518f45df77341bdbe6201ba3bfa547ebba8ed64f0ea56bfa5f96ea7c074.js?body=1" for 127.0.0.1 at 2015-07-15 23:12:53 -0700


Started GET "/assets/static_pages.self-877aef30ae1b040ab8a3aba4e3e309a11d7f2612f44dde450b5c157aa5f95c05.js?body=1" for 127.0.0.1 at 2015-07-15 23:12:53 -0700


Started GET "/assets/jquery_ujs.self-ca5248a2fad13d6bd58ea121318d642f195f0b2dd818b30615f785ff365e8d1f.js?body=1" for 127.0.0.1 at 2015-07-15 23:12:53 -0700


Started GET "/assets/turbolinks.self-c37727e9bd6b2735da5c311aa83fead54ed0be6cc8bd9a65309e9c5abe2cbfff.js?body=1" for 127.0.0.1 at 2015-07-15 23:12:53 -0700


Started GET "/assets/application.self-3b8dabdc891efe46b9a144b400ad69e37d7e5876bdc39dee783419a69d7ca819.js?body=1" for 127.0.0.1 at 2015-07-15 23:12:53 -0700


Started GET "/" for 127.0.0.1 at 2015-07-18 13:42:10 -0700
Processing by Rails::WelcomeController#index as HTML
  Rendered /home/mizu/.rvm/gems/ruby-2.1.2/gems/railties-4.2.3/lib/rails/templates/rails/welcome/index.html.erb (16.7ms)
Completed 200 OK in 93ms (Views: 65.2ms | ActiveRecord: 0.0ms)


Started GET "/" for 127.0.0.1 at 2015-07-18 14:08:06 -0700
Processing by StaticPagesController#home as HTML
  Rendered static_pages/home.html.erb within layouts/application (1.1ms)
Completed 200 OK in 324ms (Views: 307.8ms | ActiveRecord: 0.0ms)


Started GET "/" for 127.0.0.1 at 2015-07-24 22:10:19 -0700
Processing by StaticPagesController#home as HTML
  Rendered static_pages/home.html.erb within layouts/application (122.0ms)
Completed 500 Internal Server Error in 180ms (ActiveRecord: 0.0ms)

ActionView::Template::Error (undefined method `full_title' for #<#<Class:0x00000006880760>:0x0000000687ac20>):
    1: <!DOCTYPE html>
    2: <html>
    3:   <head>
    4:     <title><%= full_title(yield(:title)) %></title>
    5:     <%= stylesheet_link_tag 'application', media: 'all',
    6:                                            'data-turbolinks-track' => true %>
    7:     <%= javascript_include_tag 'application', 'data-turbolinks-track' => true %>
  app/views/layouts/application.html.erb:4:in `_app_views_layouts_application_html_erb__1870951593860132550_54461260'


  Rendered /home/mizu/.rvm/gems/ruby-2.1.2/gems/actionpack-4.2.3/lib/action_dispatch/middleware/templates/rescues/_source.erb (10.4ms)
  Rendered /home/mizu/.rvm/gems/ruby-2.1.2/gems/actionpack-4.2.3/lib/action_dispatch/middleware/templates/rescues/_trace.html.erb (32.8ms)
  Rendered /home/mizu/.rvm/gems/ruby-2.1.2/gems/actionpack-4.2.3/lib/action_dispatch/middleware/templates/rescues/_request_and_response.html.erb (2.1ms)
  Rendered /home/mizu/.rvm/gems/ruby-2.1.2/gems/actionpack-4.2.3/lib/action_dispatch/middleware/templates/rescues/template_error.html.erb within rescues/layout (87.9ms)
  Rendered /home/mizu/.rvm/gems/ruby-2.1.2/gems/web-console-2.2.1/lib/web_console/templates/_markup.html.erb (0.8ms)
  Rendered /home/mizu/.rvm/gems/ruby-2.1.2/gems/web-console-2.2.1/lib/web_console/templates/_inner_console_markup.html.erb within layouts/inlined_string (0.9ms)
  Rendered /home/mizu/.rvm/gems/ruby-2.1.2/gems/web-console-2.2.1/lib/web_console/templates/_prompt_box_markup.html.erb within layouts/inlined_string (0.8ms)
  Rendered /home/mizu/.rvm/gems/ruby-2.1.2/gems/web-console-2.2.1/lib/web_console/templates/style.css.erb within layouts/inlined_string (0.7ms)
  Rendered /home/mizu/.rvm/gems/ruby-2.1.2/gems/web-console-2.2.1/lib/web_console/templates/console.js.erb within layouts/javascript (65.4ms)
  Rendered /home/mizu/.rvm/gems/ruby-2.1.2/gems/web-console-2.2.1/lib/web_console/templates/main.js.erb within layouts/javascript (0.6ms)
  Rendered /home/mizu/.rvm/gems/ruby-2.1.2/gems/web-console-2.2.1/lib/web_console/templates/error_page.js.erb within layouts/javascript (0.6ms)
  Rendered /home/mizu/.rvm/gems/ruby-2.1.2/gems/web-console-2.2.1/lib/web_console/templates/index.html.erb (137.2ms)


Started GET "/" for 127.0.0.1 at 2015-07-24 22:11:41 -0700
Processing by StaticPagesController#home as HTML
  Rendered static_pages/home.html.erb within layouts/application (4.2ms)
Completed 500 Internal Server Error in 14ms (ActiveRecord: 0.0ms)

ActionView::Template::Error (wrong number of arguments (1 for 0)):
    1: <!DOCTYPE html>
    2: <html>
    3:   <head>
    4:     <title><%= full_title(yield(:title)) %></title>
    5:     <%= stylesheet_link_tag 'application', media: 'all',
    6:                                            'data-turbolinks-track' => true %>
    7:     <%= javascript_include_tag 'application', 'data-turbolinks-track' => true %>
  app/helpers/application_helper.rb:2:in `full_title'
  app/views/layouts/application.html.erb:4:in `_app_views_layouts_application_html_erb__1870951593860132550_54461260'


  Rendered /home/mizu/.rvm/gems/ruby-2.1.2/gems/actionpack-4.2.3/lib/action_dispatch/middleware/templates/rescues/_source.erb (5.6ms)
  Rendered /home/mizu/.rvm/gems/ruby-2.1.2/gems/actionpack-4.2.3/lib/action_dispatch/middleware/templates/rescues/_trace.html.erb (4.1ms)
  Rendered /home/mizu/.rvm/gems/ruby-2.1.2/gems/actionpack-4.2.3/lib/action_dispatch/middleware/templates/rescues/_request_and_response.html.erb (1.3ms)
  Rendered /home/mizu/.rvm/gems/ruby-2.1.2/gems/actionpack-4.2.3/lib/action_dispatch/middleware/templates/rescues/template_error.html.erb within rescues/layout (22.8ms)
  Rendered /home/mizu/.rvm/gems/ruby-2.1.2/gems/web-console-2.2.1/lib/web_console/templates/_markup.html.erb (0.3ms)
  Rendered /home/mizu/.rvm/gems/ruby-2.1.2/gems/web-console-2.2.1/lib/web_console/templates/_inner_console_markup.html.erb within layouts/inlined_string (0.5ms)
  Rendered /home/mizu/.rvm/gems/ruby-2.1.2/gems/web-console-2.2.1/lib/web_console/templates/_prompt_box_markup.html.erb within layouts/inlined_string (0.4ms)
  Rendered /home/mizu/.rvm/gems/ruby-2.1.2/gems/web-console-2.2.1/lib/web_console/templates/style.css.erb within layouts/inlined_string (0.4ms)
  Rendered /home/mizu/.rvm/gems/ruby-2.1.2/gems/web-console-2.2.1/lib/web_console/templates/console.js.erb within layouts/javascript (16.7ms)
  Rendered /home/mizu/.rvm/gems/ruby-2.1.2/gems/web-console-2.2.1/lib/web_console/templates/main.js.erb within layouts/javascript (0.3ms)
  Rendered /home/mizu/.rvm/gems/ruby-2.1.2/gems/web-console-2.2.1/lib/web_console/templates/error_page.js.erb within layouts/javascript (0.3ms)
  Rendered /home/mizu/.rvm/gems/ruby-2.1.2/gems/web-console-2.2.1/lib/web_console/templates/index.html.erb (30.3ms)


Started GET "/" for 127.0.0.1 at 2015-07-24 22:12:50 -0700
Processing by StaticPagesController#home as HTML
  Rendered static_pages/home.html.erb within layouts/application (4.0ms)
Completed 200 OK in 326ms (Views: 324.7ms | ActiveRecord: 0.0ms)


Started GET "/assets/rails-c094bc3a4bf50e5bb477109e5cb0d213af27ad75b481c4df249f50974dbeefe6.png" for 127.0.0.1 at 2015-07-24 22:12:50 -0700


Started GET "/" for 127.0.0.1 at 2015-07-24 22:42:58 -0700
Processing by StaticPagesController#home as HTML
  Rendered static_pages/home.html.erb within layouts/application (134.4ms)
Completed 200 OK in 3376ms (Views: 3367.1ms | ActiveRecord: 0.0ms)


Started GET "/assets/custom.self-a663febe91a199ad7e8ee3908b9bb4498ecf7e8fd6230985561f54cb63f6c843.css?body=1" for 127.0.0.1 at 2015-07-24 22:43:01 -0700


Started GET "/" for 127.0.0.1 at 2015-07-24 22:44:40 -0700
Processing by StaticPagesController#home as HTML
  Rendered static_pages/home.html.erb within layouts/application (2.7ms)
Completed 200 OK in 1517ms (Views: 1516.3ms | ActiveRecord: 0.0ms)


Started GET "/assets/custom.self-7e724d10ef4e4d0c1cd0c1ebcaeb11fe00b87db3b4f59b1ae09393bb430f99ab.css?body=1" for 127.0.0.1 at 2015-07-24 22:44:42 -0700


Started GET "/" for 127.0.0.1 at 2015-07-24 22:53:43 -0700
Processing by StaticPagesController#home as HTML
  Rendered static_pages/home.html.erb within layouts/application (3.2ms)
Completed 200 OK in 1438ms (Views: 1437.4ms | ActiveRecord: 0.0ms)


Started GET "/assets/custom.self-87313a3547a6a3d4dbb84cbc726d23bc460d0141debcedd34435e8c8e27a2cf6.css?body=1" for 127.0.0.1 at 2015-07-24 22:53:45 -0700


Started GET "/assets/scaffolds.self-165292c1e793dc9090a27c9736e8787703693bfae8229bff3fcee0e32a1d8934.css?body=1" for 127.0.0.1 at 2015-07-24 22:53:45 -0700


Started GET "/assets/jquery.self-d03a5518f45df77341bdbe6201ba3bfa547ebba8ed64f0ea56bfa5f96ea7c074.js?body=1" for 127.0.0.1 at 2015-07-24 22:53:45 -0700


Started GET "/assets/jquery_ujs.self-ca5248a2fad13d6bd58ea121318d642f195f0b2dd818b30615f785ff365e8d1f.js?body=1" for 127.0.0.1 at 2015-07-24 22:53:45 -0700


Started GET "/assets/turbolinks.self-c37727e9bd6b2735da5c311aa83fead54ed0be6cc8bd9a65309e9c5abe2cbfff.js?body=1" for 127.0.0.1 at 2015-07-24 22:53:45 -0700


Started GET "/assets/application.self-e80e8f2318043e8af94dddc2adad5a4f09739a8ebb323b3ab31cd71d45fd9113.css?body=1" for 127.0.0.1 at 2015-07-24 22:53:45 -0700


Started GET "/assets/static_pages.self-e3b0c44298fc1c149afbf4c8996fb92427ae41e4649b934ca495991b7852b855.css?body=1" for 127.0.0.1 at 2015-07-24 22:53:45 -0700


Started GET "/assets/static_pages.self-877aef30ae1b040ab8a3aba4e3e309a11d7f2612f44dde450b5c157aa5f95c05.js?body=1" for 127.0.0.1 at 2015-07-24 22:53:45 -0700


Started GET "/assets/application.self-3b8dabdc891efe46b9a144b400ad69e37d7e5876bdc39dee783419a69d7ca819.js?body=1" for 127.0.0.1 at 2015-07-24 22:53:45 -0700


Started GET "/assets/rails-c094bc3a4bf50e5bb477109e5cb0d213af27ad75b481c4df249f50974dbeefe6.png" for 127.0.0.1 at 2015-07-24 22:53:45 -0700


Started GET "/" for 127.0.0.1 at 2015-07-24 22:54:24 -0700
Processing by StaticPagesController#home as HTML
  Rendered static_pages/home.html.erb within layouts/application (2.9ms)
Completed 200 OK in 1455ms (Views: 1453.9ms | ActiveRecord: 0.0ms)


Started GET "/assets/custom.self-2fc3c97ccad9f58e3ecd87abc3f098f2f6d1eebc4c0cc59486632612671ec3d0.css?body=1" for 127.0.0.1 at 2015-07-24 22:54:25 -0700


Started GET "/" for 127.0.0.1 at 2015-07-24 22:55:06 -0700
Processing by StaticPagesController#home as HTML
  Rendered static_pages/home.html.erb within layouts/application (3.1ms)
Completed 200 OK in 1477ms (Views: 1476.5ms | ActiveRecord: 0.0ms)


Started GET "/" for 127.0.0.1 at 2015-07-24 22:55:36 -0700
Processing by StaticPagesController#home as HTML
  Rendered static_pages/home.html.erb within layouts/application (4.5ms)
Completed 200 OK in 1419ms (Views: 1417.6ms | ActiveRecord: 0.0ms)


Started GET "/" for 127.0.0.1 at 2015-07-24 23:03:50 -0700
Processing by StaticPagesController#home as HTML
  Rendered static_pages/home.html.erb within layouts/application (2.5ms)
  Rendered layouts/_shim.html.erb (0.6ms)
  Rendered layouts/_header.html.erb (64.8ms)
  Rendered layouts/_footer.html.erb (0.6ms)
Completed 200 OK in 174ms (Views: 173.3ms | ActiveRecord: 0.0ms)


Started GET "/" for 127.0.0.1 at 2015-07-24 23:06:25 -0700
Processing by StaticPagesController#home as HTML
  Rendered static_pages/home.html.erb within layouts/application (3.3ms)
  Rendered layouts/_shim.html.erb (0.0ms)
  Rendered layouts/_header.html.erb (0.1ms)
  Rendered layouts/_footer.html.erb (0.1ms)
Completed 200 OK in 1413ms (Views: 1412.0ms | ActiveRecord: 0.0ms)


Started GET "/assets/custom.self-a4641f2b245c9becc9f927a5cd571a8ddcaa31730c52eaa61d6616466417f403.css?body=1" for 127.0.0.1 at 2015-07-24 23:06:27 -0700


Started GET "/" for 127.0.0.1 at 2015-07-24 23:50:20 -0700
Processing by StaticPagesController#home as HTML
  Rendered static_pages/home.html.erb within layouts/application (3.1ms)
  Rendered layouts/_shim.html.erb (0.0ms)
  Rendered layouts/_header.html.erb (0.1ms)
  Rendered layouts/_footer.html.erb (0.1ms)
Completed 200 OK in 1417ms (Views: 1416.7ms | ActiveRecord: 0.0ms)


Started GET "/assets/custom.self-ec0fe79a35a545cd24b4fb7cfdadcfe1cea1bc27df0a5082ca0984f54d486ea9.css?body=1" for 127.0.0.1 at 2015-07-24 23:50:21 -0700


Started GET "/" for 127.0.0.1 at 2015-07-24 23:50:56 -0700
Processing by StaticPagesController#home as HTML
  Rendered static_pages/home.html.erb within layouts/application (89.0ms)
  Rendered layouts/_shim.html.erb (0.3ms)
  Rendered layouts/_header.html.erb (0.4ms)
  Rendered layouts/_footer.html.erb (0.3ms)
Completed 200 OK in 173ms (Views: 165.1ms | ActiveRecord: 0.0ms)


Started GET "/assets/custom.self-ec0fe79a35a545cd24b4fb7cfdadcfe1cea1bc27df0a5082ca0984f54d486ea9.css?body=1" for 127.0.0.1 at 2015-07-24 23:50:56 -0700


Started GET "/assets/scaffolds.self-165292c1e793dc9090a27c9736e8787703693bfae8229bff3fcee0e32a1d8934.css?body=1" for 127.0.0.1 at 2015-07-24 23:50:56 -0700


Started GET "/assets/static_pages.self-e3b0c44298fc1c149afbf4c8996fb92427ae41e4649b934ca495991b7852b855.css?body=1" for 127.0.0.1 at 2015-07-24 23:50:56 -0700


Started GET "/assets/jquery.self-d03a5518f45df77341bdbe6201ba3bfa547ebba8ed64f0ea56bfa5f96ea7c074.js?body=1" for 127.0.0.1 at 2015-07-24 23:50:56 -0700


Started GET "/assets/turbolinks.self-c37727e9bd6b2735da5c311aa83fead54ed0be6cc8bd9a65309e9c5abe2cbfff.js?body=1" for 127.0.0.1 at 2015-07-24 23:50:56 -0700


Started GET "/assets/application.self-e80e8f2318043e8af94dddc2adad5a4f09739a8ebb323b3ab31cd71d45fd9113.css?body=1" for 127.0.0.1 at 2015-07-24 23:50:56 -0700


Started GET "/assets/jquery_ujs.self-ca5248a2fad13d6bd58ea121318d642f195f0b2dd818b30615f785ff365e8d1f.js?body=1" for 127.0.0.1 at 2015-07-24 23:50:56 -0700


Started GET "/assets/static_pages.self-877aef30ae1b040ab8a3aba4e3e309a11d7f2612f44dde450b5c157aa5f95c05.js?body=1" for 127.0.0.1 at 2015-07-24 23:50:56 -0700


Started GET "/assets/application.self-3b8dabdc891efe46b9a144b400ad69e37d7e5876bdc39dee783419a69d7ca819.js?body=1" for 127.0.0.1 at 2015-07-24 23:50:56 -0700


Started GET "/assets/rails-c094bc3a4bf50e5bb477109e5cb0d213af27ad75b481c4df249f50974dbeefe6.png" for 127.0.0.1 at 2015-07-24 23:50:56 -0700
